<?xml version="1.0" encoding="UTF-8"?>
<!-- Generated by org.testng.reporters.JUnitXMLReporter -->
<<<<<<< HEAD
<testsuite ignored="0" hostname="DESKTOP-032BQ8K" failures="1" tests="1" name="TestAll7" time="103.049" errors="0" timestamp="2022-09-25T18:21:11 IST">
  <testcase classname="com.mystore.testcases.AddToCartPageTest" name="addToCartTest" time="1.986">
    <failure type="org.openqa.selenium.ElementClickInterceptedException" message="element click intercepted: Element &amp;lt;button type=&amp;quot;submit&amp;quot; name=&amp;quot;submit_search&amp;quot; class=&amp;quot;btn btn-default button-search&amp;quot;&amp;gt;...&amp;lt;/button&amp;gt; is not clickable at point (791, 174). Other element would receive the click: &amp;lt;div class=&amp;quot;cat-title&amp;quot;&amp;gt;...&amp;lt;/div&amp;gt;
  (Session info: chrome=105.0.5195.127)
Build info: version: &amp;apos;3.141.59&amp;apos;, revision: &amp;apos;e82be7d358&amp;apos;, time: &amp;apos;2018-11-14T08:17:03&amp;apos;
System info: host: &amp;apos;DESKTOP-032BQ8K&amp;apos;, ip: &amp;apos;192.168.1.8&amp;apos;, os.name: &amp;apos;Windows 10&amp;apos;, os.arch: &amp;apos;amd64&amp;apos;, os.version: &amp;apos;10.0&amp;apos;, java.version: &amp;apos;11.0.15&amp;apos;
Driver info: org.openqa.selenium.chrome.ChromeDriver
Capabilities {acceptInsecureCerts: false, browserName: chrome, browserVersion: 105.0.5195.127, chrome: {chromedriverVersion: 105.0.5195.52 (412c95e51883..., userDataDir: C:\Users\Gayatri\AppData\Lo...}, goog:chromeOptions: {debuggerAddress: localhost:61336}, javascriptEnabled: true, networkConnectionEnabled: false, pageLoadStrategy: normal, platform: WINDOWS, platformName: WINDOWS, proxy: Proxy(), setWindowRect: true, strictFileInteractability: false, timeouts: {implicit: 0, pageLoad: 300000, script: 30000}, unhandledPromptBehavior: dismiss and notify, webauthn:extension:credBlob: true, webauthn:extension:largeBlob: true, webauthn:virtualAuthenticators: true}
Session ID: 899e485372df8be807f529c222f4900d">
      <![CDATA[org.openqa.selenium.ElementClickInterceptedException: element click intercepted: Element <button type="submit" name="submit_search" class="btn btn-default button-search">...</button> is not clickable at point (791, 174). Other element would receive the click: <div class="cat-title">...</div>
  (Session info: chrome=105.0.5195.127)
Build info: version: '3.141.59', revision: 'e82be7d358', time: '2018-11-14T08:17:03'
System info: host: 'DESKTOP-032BQ8K', ip: '192.168.1.8', os.name: 'Windows 10', os.arch: 'amd64', os.version: '10.0', java.version: '11.0.15'
Driver info: org.openqa.selenium.chrome.ChromeDriver
Capabilities {acceptInsecureCerts: false, browserName: chrome, browserVersion: 105.0.5195.127, chrome: {chromedriverVersion: 105.0.5195.52 (412c95e51883..., userDataDir: C:\Users\Gayatri\AppData\Lo...}, goog:chromeOptions: {debuggerAddress: localhost:61336}, javascriptEnabled: true, networkConnectionEnabled: false, pageLoadStrategy: normal, platform: WINDOWS, platformName: WINDOWS, proxy: Proxy(), setWindowRect: true, strictFileInteractability: false, timeouts: {implicit: 0, pageLoad: 300000, script: 30000}, unhandledPromptBehavior: dismiss and notify, webauthn:extension:credBlob: true, webauthn:extension:largeBlob: true, webauthn:virtualAuthenticators: true}
Session ID: 899e485372df8be807f529c222f4900d
at org.openqa.selenium.remote.http.W3CHttpResponseCodec.createException(W3CHttpResponseCodec.java:187)
at org.openqa.selenium.remote.http.W3CHttpResponseCodec.decode(W3CHttpResponseCodec.java:122)
at org.openqa.selenium.remote.http.W3CHttpResponseCodec.decode(W3CHttpResponseCodec.java:49)
at org.openqa.selenium.remote.HttpCommandExecutor.execute(HttpCommandExecutor.java:158)
at org.openqa.selenium.remote.service.DriverCommandExecutor.execute(DriverCommandExecutor.java:83)
at org.openqa.selenium.remote.RemoteWebDriver.execute(RemoteWebDriver.java:552)
at org.openqa.selenium.remote.RemoteWebElement.execute(RemoteWebElement.java:285)
at org.openqa.selenium.remote.RemoteWebElement.click(RemoteWebElement.java:84)
at org.openqa.selenium.support.pagefactory.internal.LocatingElementHandler.invoke(LocatingElementHandler.java:51)
at com.sun.proxy.$Proxy27.click(Unknown Source)
at com.mystore.pageobjects.IndexPage.searchProductClick(IndexPage.java:51)
at com.mystore.testcases.AddToCartPageTest.addToCartTest(AddToCartPageTest.java:23)
=======
<testsuite ignored="0" hostname="DESKTOP-032BQ8K" failures="1" tests="1" name="TestAll7" time="262.306" errors="0" timestamp="2022-09-25T22:27:02 IST">
  <testcase classname="com.mystore.testcases.AddToCartPageTest" name="addToCartTest" time="111.578">
    <failure type="java.lang.AssertionError" message="addToCartTest product not added expected [true] but found [false]">
      <![CDATA[java.lang.AssertionError: addToCartTest product not added expected [true] but found [false]
at com.mystore.testcases.AddToCartPageTest.addToCartTest(AddToCartPageTest.java:33)
>>>>>>> branch_practise
at java.base/java.util.ArrayList.forEach(ArrayList.java:1541)
at java.base/java.util.concurrent.FutureTask.run(FutureTask.java:264)
at java.base/java.util.concurrent.ThreadPoolExecutor.runWorker(ThreadPoolExecutor.java:1128)
at java.base/java.util.concurrent.ThreadPoolExecutor$Worker.run(ThreadPoolExecutor.java:628)
at java.base/java.lang.Thread.run(Thread.java:834)
<<<<<<< HEAD
... Removed 26 stack frames]]>
=======
... Removed 21 stack frames]]>
>>>>>>> branch_practise
    </failure>
  </testcase> <!-- addToCartTest -->
</testsuite> <!-- TestAll7 -->
